<?xml version="1.0" encoding="UTF-8"?>
<!-- Generated by org.testng.reporters.JUnitReportReporter -->
<testsuite hostname="Champion" failures="1" tests="3" name="TestNGRunner.TestNGTestRunner" time="25.292" errors="0" timestamp="2024-08-17T10:51:07 IST" skipped="0">
  <testcase classname="TestNGRunner.TestNGTestRunner" name="runScenario" time="9.890"/>
  <testcase classname="TestNGRunner.TestNGTestRunner" name="runScenario" time="5.418"/>
  <testcase classname="TestNGRunner.TestNGTestRunner" name="runScenario" time="9.984">
    <failure message="expected [true] but found [false]" type="java.lang.AssertionError">
      <![CDATA[java.lang.AssertionError: expected [true] but found [false]
at org.testng.Assert.fail(Assert.java:111)
at org.testng.Assert.failNotEquals(Assert.java:1578)
at org.testng.Assert.assertTrue(Assert.java:57)
at org.testng.Assert.assertTrue(Assert.java:67)
at stepDefinitions.OfferPageStepDefintion.validate_product_name_in_Offers_Page(OfferPageStepDefintion.java:55)
at âœ½.validate product name in offers page matches with Landing page(file:///D:/EclipseWorkspace/CucumberFramework/src/test/java/features/SearchProduct.feature:8)
]]>
    </failure>
  </testcase> <!-- runScenario -->
</testsuite> <!-- TestNGRunner.TestNGTestRunner -->
